Flow report for multiplication_nios2_accelerator
Wed May 05 11:51:34 2021
Quartus II 64-Bit Version 13.1.0 Build 162 10/23/2013 SJ Web Edition


---------------------
; Table of Contents ;
---------------------
  1. Legal Notice
  2. Flow Summary
  3. Flow Settings
  4. Flow Non-Default Global Settings
  5. Flow Elapsed Time
  6. Flow OS Summary
  7. Flow Log
  8. Flow Messages
  9. Flow Suppressed Messages



----------------
; Legal Notice ;
----------------
Copyright (C) 1991-2013 Altera Corporation
Your use of Altera Corporation's design tools, logic functions 
and other software and tools, and its AMPP partner logic 
functions, and any output files from any of the foregoing 
(including device programming or simulation files), and any 
associated documentation or information are expressly subject 
to the terms and conditions of the Altera Program License 
Subscription Agreement, Altera MegaCore Function License 
Agreement, or other applicable license agreement, including, 
without limitation, that your use is for the sole purpose of 
programming logic devices manufactured by Altera and sold by 
Altera or its authorized distributors.  Please refer to the 
applicable agreement for further details.



+---------------------------------------------------------------------------------+
; Flow Summary                                                                    ;
+------------------------------------+--------------------------------------------+
; Flow Status                        ; Successful - Wed May 05 11:51:34 2021      ;
; Quartus II 64-Bit Version          ; 13.1.0 Build 162 10/23/2013 SJ Web Edition ;
; Revision Name                      ; multiplication_nios2_accelerator           ;
; Top-level Entity Name              ; nios_handshake_top                         ;
; Family                             ; Cyclone IV E                               ;
; Total logic elements               ; 1,565 / 6,272 ( 25 % )                     ;
;     Total combinational functions  ; 1,467 / 6,272 ( 23 % )                     ;
;     Dedicated logic registers      ; 879 / 6,272 ( 14 % )                       ;
; Total registers                    ; 879                                        ;
; Total pins                         ; 2 / 92 ( 2 % )                             ;
; Total virtual pins                 ; 0                                          ;
; Total memory bits                  ; 44,032 / 276,480 ( 16 % )                  ;
; Embedded Multiplier 9-bit elements ; 0 / 30 ( 0 % )                             ;
; Total PLLs                         ; 0 / 2 ( 0 % )                              ;
; Device                             ; EP4CE6E22C6                                ;
; Timing Models                      ; Final                                      ;
+------------------------------------+--------------------------------------------+


+------------------------------------------------------+
; Flow Settings                                        ;
+-------------------+----------------------------------+
; Option            ; Setting                          ;
+-------------------+----------------------------------+
; Start date & time ; 05/05/2021 11:50:56              ;
; Main task         ; Compilation                      ;
; Revision Name     ; multiplication_nios2_accelerator ;
+-------------------+----------------------------------+


+-------------------------------------------------------------------------------------------------------------------------------------------------------------------------------------------------------------------------------------+
; Flow Non-Default Global Settings                                                                                                                                                                                                    ;
+-------------------------------------+------------------------------------------------------------------+----------------------------------+-----------------------------------------------------+-----------------------------------+
; Assignment Name                     ; Value                                                            ; Default Value                    ; Entity Name                                         ; Section Id                        ;
+-------------------------------------+------------------------------------------------------------------+----------------------------------+-----------------------------------------------------+-----------------------------------+
; COMPILER_SIGNATURE_ID               ; 90520738526239.162022625606080                                   ; --                               ; --                                                  ; --                                ;
; EDA_GENERATE_FUNCTIONAL_NETLIST     ; Off                                                              ; --                               ; --                                                  ; eda_board_design_timing           ;
; EDA_GENERATE_FUNCTIONAL_NETLIST     ; Off                                                              ; --                               ; --                                                  ; eda_board_design_symbol           ;
; EDA_GENERATE_FUNCTIONAL_NETLIST     ; Off                                                              ; --                               ; --                                                  ; eda_board_design_signal_integrity ;
; EDA_GENERATE_FUNCTIONAL_NETLIST     ; Off                                                              ; --                               ; --                                                  ; eda_board_design_boundary_scan    ;
; EDA_OUTPUT_DATA_FORMAT              ; Vhdl                                                             ; --                               ; --                                                  ; eda_simulation                    ;
; EDA_SIMULATION_TOOL                 ; ModelSim-Altera (VHDL)                                           ; <None>                           ; --                                                  ; --                                ;
; EDA_TIME_SCALE                      ; 1 ps                                                             ; --                               ; --                                                  ; eda_simulation                    ;
; IP_TOOL_ENV                         ; Qsys                                                             ; --                               ; altera_avalon_sc_fifo                               ; --                                ;
; IP_TOOL_ENV                         ; Qsys                                                             ; --                               ; altera_merlin_master_agent                          ; --                                ;
; IP_TOOL_ENV                         ; Qsys                                                             ; --                               ; altera_merlin_master_translator                     ; --                                ;
; IP_TOOL_ENV                         ; Qsys                                                             ; --                               ; altera_merlin_slave_agent                           ; --                                ;
; IP_TOOL_ENV                         ; Qsys                                                             ; --                               ; altera_merlin_slave_translator                      ; --                                ;
; IP_TOOL_ENV                         ; Qsys                                                             ; --                               ; altera_reset_controller                             ; --                                ;
; IP_TOOL_ENV                         ; Qsys                                                             ; --                               ; nios_handshake                                      ; --                                ;
; IP_TOOL_ENV                         ; Qsys                                                             ; --                               ; nios_handshake_irq_mapper                           ; --                                ;
; IP_TOOL_ENV                         ; Qsys                                                             ; --                               ; nios_handshake_jtag_uart_0                          ; --                                ;
; IP_TOOL_ENV                         ; Qsys                                                             ; --                               ; nios_handshake_mm_interconnect_0                    ; --                                ;
; IP_TOOL_ENV                         ; Qsys                                                             ; --                               ; nios_handshake_mm_interconnect_0_addr_router        ; --                                ;
; IP_TOOL_ENV                         ; Qsys                                                             ; --                               ; nios_handshake_mm_interconnect_0_addr_router_001    ; --                                ;
; IP_TOOL_ENV                         ; Qsys                                                             ; --                               ; nios_handshake_mm_interconnect_0_cmd_xbar_demux     ; --                                ;
; IP_TOOL_ENV                         ; Qsys                                                             ; --                               ; nios_handshake_mm_interconnect_0_cmd_xbar_demux_001 ; --                                ;
; IP_TOOL_ENV                         ; Qsys                                                             ; --                               ; nios_handshake_mm_interconnect_0_cmd_xbar_mux       ; --                                ;
; IP_TOOL_ENV                         ; Qsys                                                             ; --                               ; nios_handshake_mm_interconnect_0_cmd_xbar_mux_002   ; --                                ;
; IP_TOOL_ENV                         ; Qsys                                                             ; --                               ; nios_handshake_mm_interconnect_0_id_router          ; --                                ;
; IP_TOOL_ENV                         ; Qsys                                                             ; --                               ; nios_handshake_mm_interconnect_0_id_router_002      ; --                                ;
; IP_TOOL_ENV                         ; Qsys                                                             ; --                               ; nios_handshake_mm_interconnect_0_rsp_xbar_demux_002 ; --                                ;
; IP_TOOL_ENV                         ; Qsys                                                             ; --                               ; nios_handshake_mm_interconnect_0_rsp_xbar_mux       ; --                                ;
; IP_TOOL_ENV                         ; Qsys                                                             ; --                               ; nios_handshake_mm_interconnect_0_rsp_xbar_mux_001   ; --                                ;
; IP_TOOL_ENV                         ; Qsys                                                             ; --                               ; nios_handshake_nios2_qsys_0                         ; --                                ;
; IP_TOOL_ENV                         ; Qsys                                                             ; --                               ; nios_handshake_onchip_memory2_0                     ; --                                ;
; IP_TOOL_NAME                        ; altera_avalon_sc_fifo                                            ; --                               ; altera_avalon_sc_fifo                               ; --                                ;
; IP_TOOL_NAME                        ; altera_merlin_master_agent                                       ; --                               ; altera_merlin_master_agent                          ; --                                ;
; IP_TOOL_NAME                        ; altera_merlin_master_translator                                  ; --                               ; altera_merlin_master_translator                     ; --                                ;
; IP_TOOL_NAME                        ; altera_merlin_slave_agent                                        ; --                               ; altera_merlin_slave_agent                           ; --                                ;
; IP_TOOL_NAME                        ; altera_merlin_slave_translator                                   ; --                               ; altera_merlin_slave_translator                      ; --                                ;
; IP_TOOL_NAME                        ; altera_reset_controller                                          ; --                               ; altera_reset_controller                             ; --                                ;
; IP_TOOL_NAME                        ; Qsys                                                             ; --                               ; nios_handshake                                      ; --                                ;
; IP_TOOL_NAME                        ; altera_irq_mapper                                                ; --                               ; nios_handshake_irq_mapper                           ; --                                ;
; IP_TOOL_NAME                        ; altera_avalon_jtag_uart                                          ; --                               ; nios_handshake_jtag_uart_0                          ; --                                ;
; IP_TOOL_NAME                        ; altera_merlin_interconnect_wrapper                               ; --                               ; nios_handshake_mm_interconnect_0                    ; --                                ;
; IP_TOOL_NAME                        ; altera_merlin_router                                             ; --                               ; nios_handshake_mm_interconnect_0_addr_router        ; --                                ;
; IP_TOOL_NAME                        ; altera_merlin_router                                             ; --                               ; nios_handshake_mm_interconnect_0_addr_router_001    ; --                                ;
; IP_TOOL_NAME                        ; altera_merlin_demultiplexer                                      ; --                               ; nios_handshake_mm_interconnect_0_cmd_xbar_demux     ; --                                ;
; IP_TOOL_NAME                        ; altera_merlin_demultiplexer                                      ; --                               ; nios_handshake_mm_interconnect_0_cmd_xbar_demux_001 ; --                                ;
; IP_TOOL_NAME                        ; altera_merlin_multiplexer                                        ; --                               ; nios_handshake_mm_interconnect_0_cmd_xbar_mux       ; --                                ;
; IP_TOOL_NAME                        ; altera_merlin_multiplexer                                        ; --                               ; nios_handshake_mm_interconnect_0_cmd_xbar_mux_002   ; --                                ;
; IP_TOOL_NAME                        ; altera_merlin_router                                             ; --                               ; nios_handshake_mm_interconnect_0_id_router          ; --                                ;
; IP_TOOL_NAME                        ; altera_merlin_router                                             ; --                               ; nios_handshake_mm_interconnect_0_id_router_002      ; --                                ;
; IP_TOOL_NAME                        ; altera_merlin_demultiplexer                                      ; --                               ; nios_handshake_mm_interconnect_0_rsp_xbar_demux_002 ; --                                ;
; IP_TOOL_NAME                        ; altera_merlin_multiplexer                                        ; --                               ; nios_handshake_mm_interconnect_0_rsp_xbar_mux       ; --                                ;
; IP_TOOL_NAME                        ; altera_merlin_multiplexer                                        ; --                               ; nios_handshake_mm_interconnect_0_rsp_xbar_mux_001   ; --                                ;
; IP_TOOL_NAME                        ; altera_nios2_qsys                                                ; --                               ; nios_handshake_nios2_qsys_0                         ; --                                ;
; IP_TOOL_NAME                        ; altera_avalon_onchip_memory2                                     ; --                               ; nios_handshake_onchip_memory2_0                     ; --                                ;
; IP_TOOL_VERSION                     ; 13.1                                                             ; --                               ; altera_avalon_sc_fifo                               ; --                                ;
; IP_TOOL_VERSION                     ; 13.1                                                             ; --                               ; altera_merlin_master_agent                          ; --                                ;
; IP_TOOL_VERSION                     ; 13.1                                                             ; --                               ; altera_merlin_master_translator                     ; --                                ;
; IP_TOOL_VERSION                     ; 13.1                                                             ; --                               ; altera_merlin_slave_agent                           ; --                                ;
; IP_TOOL_VERSION                     ; 13.1                                                             ; --                               ; altera_merlin_slave_translator                      ; --                                ;
; IP_TOOL_VERSION                     ; 13.1                                                             ; --                               ; altera_reset_controller                             ; --                                ;
; IP_TOOL_VERSION                     ; 13.1                                                             ; --                               ; nios_handshake                                      ; --                                ;
; IP_TOOL_VERSION                     ; 13.1                                                             ; --                               ; nios_handshake_irq_mapper                           ; --                                ;
; IP_TOOL_VERSION                     ; 13.1                                                             ; --                               ; nios_handshake_jtag_uart_0                          ; --                                ;
; IP_TOOL_VERSION                     ; 13.1                                                             ; --                               ; nios_handshake_mm_interconnect_0                    ; --                                ;
; IP_TOOL_VERSION                     ; 13.1                                                             ; --                               ; nios_handshake_mm_interconnect_0_addr_router        ; --                                ;
; IP_TOOL_VERSION                     ; 13.1                                                             ; --                               ; nios_handshake_mm_interconnect_0_addr_router_001    ; --                                ;
; IP_TOOL_VERSION                     ; 13.1                                                             ; --                               ; nios_handshake_mm_interconnect_0_cmd_xbar_demux     ; --                                ;
; IP_TOOL_VERSION                     ; 13.1                                                             ; --                               ; nios_handshake_mm_interconnect_0_cmd_xbar_demux_001 ; --                                ;
; IP_TOOL_VERSION                     ; 13.1                                                             ; --                               ; nios_handshake_mm_interconnect_0_cmd_xbar_mux       ; --                                ;
; IP_TOOL_VERSION                     ; 13.1                                                             ; --                               ; nios_handshake_mm_interconnect_0_cmd_xbar_mux_002   ; --                                ;
; IP_TOOL_VERSION                     ; 13.1                                                             ; --                               ; nios_handshake_mm_interconnect_0_id_router          ; --                                ;
; IP_TOOL_VERSION                     ; 13.1                                                             ; --                               ; nios_handshake_mm_interconnect_0_id_router_002      ; --                                ;
; IP_TOOL_VERSION                     ; 13.1                                                             ; --                               ; nios_handshake_mm_interconnect_0_rsp_xbar_demux_002 ; --                                ;
; IP_TOOL_VERSION                     ; 13.1                                                             ; --                               ; nios_handshake_mm_interconnect_0_rsp_xbar_mux       ; --                                ;
; IP_TOOL_VERSION                     ; 13.1                                                             ; --                               ; nios_handshake_mm_interconnect_0_rsp_xbar_mux_001   ; --                                ;
; IP_TOOL_VERSION                     ; 13.1                                                             ; --                               ; nios_handshake_nios2_qsys_0                         ; --                                ;
; IP_TOOL_VERSION                     ; 13.1                                                             ; --                               ; nios_handshake_onchip_memory2_0                     ; --                                ;
; MISC_FILE                           ; ../qsys/nios_handshake/synthesis/../../nios_handshake.cmp        ; --                               ; --                                                  ; --                                ;
; MISC_FILE                           ; ../qsys/nios_handshake/synthesis/../../nios_handshake.qsys       ; --                               ; --                                                  ; --                                ;
; PARTITION_COLOR                     ; 16764057                                                         ; --                               ; nios_handshake_top                                  ; Top                               ;
; PARTITION_FITTER_PRESERVATION_LEVEL ; PLACEMENT_AND_ROUTING                                            ; --                               ; nios_handshake_top                                  ; Top                               ;
; PARTITION_NETLIST_TYPE              ; SOURCE                                                           ; --                               ; nios_handshake_top                                  ; Top                               ;
; PROJECT_OUTPUT_DIRECTORY            ; output_files                                                     ; --                               ; --                                                  ; --                                ;
; SLD_FILE                            ; ../qsys/nios_handshake/synthesis/nios_handshake.regmap           ; --                               ; --                                                  ; --                                ;
; SLD_FILE                            ; ../qsys/nios_handshake/synthesis/nios_handshake.debuginfo        ; --                               ; --                                                  ; --                                ;
; SLD_INFO                            ; QSYS_NAME nios_handshake HAS_SOPCINFO 1 GENERATION_ID 1620223228 ; --                               ; nios_handshake                                      ; --                                ;
; SOPCINFO_FILE                       ; ../qsys/nios_handshake/synthesis/../../nios_handshake.sopcinfo   ; --                               ; --                                                  ; --                                ;
; SYNTHESIS_ONLY_QIP                  ; On                                                               ; --                               ; --                                                  ; --                                ;
; TOP_LEVEL_ENTITY                    ; nios_handshake_top                                               ; multiplication_nios2_accelerator ; --                                                  ; --                                ;
+-------------------------------------+------------------------------------------------------------------+----------------------------------+-----------------------------------------------------+-----------------------------------+


+-------------------------------------------------------------------------------------------------------------------------------+
; Flow Elapsed Time                                                                                                             ;
+---------------------------+--------------+-------------------------+---------------------+------------------------------------+
; Module Name               ; Elapsed Time ; Average Processors Used ; Peak Virtual Memory ; Total CPU Time (on all processors) ;
+---------------------------+--------------+-------------------------+---------------------+------------------------------------+
; Analysis & Synthesis      ; 00:00:09     ; 1.0                     ; 4733 MB             ; 00:00:09                           ;
; Fitter                    ; 00:00:13     ; 2.1                     ; 5379 MB             ; 00:00:12                           ;
; Assembler                 ; 00:00:02     ; 1.0                     ; 4589 MB             ; 00:00:01                           ;
; TimeQuest Timing Analyzer ; 00:00:03     ; 1.0                     ; 4706 MB             ; 00:00:03                           ;
; EDA Netlist Writer        ; 00:00:03     ; 1.0                     ; 4580 MB             ; 00:00:03                           ;
; Total                     ; 00:00:30     ; --                      ; --                  ; 00:00:28                           ;
+---------------------------+--------------+-------------------------+---------------------+------------------------------------+


+----------------------------------------------------------------------------------------+
; Flow OS Summary                                                                        ;
+---------------------------+------------------+-----------+------------+----------------+
; Module Name               ; Machine Hostname ; OS Name   ; OS Version ; Processor type ;
+---------------------------+------------------+-----------+------------+----------------+
; Analysis & Synthesis      ; DESKTOP-V9ASA1B  ; Windows 7 ; 6.2        ; x86_64         ;
; Fitter                    ; DESKTOP-V9ASA1B  ; Windows 7 ; 6.2        ; x86_64         ;
; Assembler                 ; DESKTOP-V9ASA1B  ; Windows 7 ; 6.2        ; x86_64         ;
; TimeQuest Timing Analyzer ; DESKTOP-V9ASA1B  ; Windows 7 ; 6.2        ; x86_64         ;
; EDA Netlist Writer        ; DESKTOP-V9ASA1B  ; Windows 7 ; 6.2        ; x86_64         ;
+---------------------------+------------------+-----------+------------+----------------+


------------
; Flow Log ;
------------
quartus_map --read_settings_files=on --write_settings_files=off multiplication_nios2_accelerator -c multiplication_nios2_accelerator
quartus_fit --read_settings_files=off --write_settings_files=off multiplication_nios2_accelerator -c multiplication_nios2_accelerator
quartus_asm --read_settings_files=off --write_settings_files=off multiplication_nios2_accelerator -c multiplication_nios2_accelerator
quartus_sta multiplication_nios2_accelerator -c multiplication_nios2_accelerator
quartus_eda --read_settings_files=off --write_settings_files=off multiplication_nios2_accelerator -c multiplication_nios2_accelerator



