IP Upgrade report for multiplication_nios2_accelerator
Wed May 05 14:08:23 2021
Quartus Prime Version 16.1.0 Build 196 10/24/2016 SJ Lite Edition


---------------------
; Table of Contents ;
---------------------
  1. Legal Notice
  2. IP Upgrade Summary
  3. Successfully Upgraded IP Components
  4. IP Upgrade Messages



----------------
; Legal Notice ;
----------------
Copyright (C) 2016  Intel Corporation. All rights reserved.
Your use of Intel Corporation's design tools, logic functions 
and other software and tools, and its AMPP partner logic 
functions, and any output files from any of the foregoing 
(including device programming or simulation files), and any 
associated documentation or information are expressly subject 
to the terms and conditions of the Intel Program License 
Subscription Agreement, the Intel Quartus Prime License Agreement,
the Intel MegaCore Function License Agreement, or other 
applicable license agreement, including, without limitation, 
that your use is for the sole purpose of programming logic 
devices manufactured by Intel and sold by Intel or its 
authorized distributors.  Please refer to the applicable 
agreement for further details.



+----------------------------------------------------------------------------+
; IP Upgrade Summary                                                         ;
+------------------------------+---------------------------------------------+
; IP Components Upgrade Status ; Passed - Wed May 05 14:08:23 2021           ;
; Quartus Prime Version        ; 16.1.0 Build 196 10/24/2016 SJ Lite Edition ;
; Revision Name                ; multiplication_nios2_accelerator            ;
; Top-level Entity Name        ; nios_handshake_top                          ;
; Family                       ; Cyclone IV E                                ;
+------------------------------+---------------------------------------------+


+-----------------------------------------------------------------------------------------------------------------------------------------------------------------------------------------------+
; Successfully Upgraded IP Components                                                                                                                                                           ;
+----------------+----------------+---------+-----------------------------------------------------+-----------------------------+-----------------------------------------------------+---------+
; Entity Name    ; Component Name ; Version ; Original Source File                                ; Generation File Path        ; New Source File                                     ; Message ;
+----------------+----------------+---------+-----------------------------------------------------+-----------------------------+-----------------------------------------------------+---------+
; nios_handshake ; Qsys           ; 13.1    ; ../qsys/nios_handshake/synthesis/nios_handshake.qip ; ../qsys/nios_handshake.qsys ; ../qsys/nios_handshake/synthesis/nios_handshake.qip ;         ;
+----------------+----------------+---------+-----------------------------------------------------+-----------------------------+-----------------------------------------------------+---------+


+---------------------+
; IP Upgrade Messages ;
+---------------------+
Info (11902): Backing up file "../qsys/nios_handshake.qsys" to "../qsys/nios_handshake.BAK.qsys"
Info (11902): Backing up file "../qsys/nios_handshake/synthesis/nios_handshake.vhd" to "../qsys/nios_handshake.BAK.vhd"
Info (11837): Started upgrading IP component Qsys with file "../qsys/nios_handshake.qsys"
Info: 2021.05.05.14:07:29 Info: Starting to upgrade the IP cores in the Qsys system
Info: 2021.05.05.14:07:30 Info: Upgrading from core type Nios II (Classic) Processor with version 16.1 to core type Nios II Processor with version 16.1
Info: 2021.05.05.14:07:30 Info: Migration Successful
Info: 2021.05.05.14:07:30 Info: Finished upgrading the ip cores
Info: 2021.05.05.14:07:38 Info: Saving generation log to C:/Users/danie/Documents/GitHub/multiplication_nios2_accelerator/synthesis/qsys/nios_handshake
Info: 2021.05.05.14:07:38 Info: Starting: Create simulation model
Info: 2021.05.05.14:07:38 Info: qsys-generate C:\Users\danie\Documents\GitHub\multiplication_nios2_accelerator\synthesis\qsys\nios_handshake.qsys --simulation=VHDL --allow-mixed-language-simulation --output-directory=C:\Users\danie\Documents\GitHub\multiplication_nios2_accelerator\synthesis\qsys\nios_handshake\simulation --family="Cyclone IV E" --part=EP4CE6E22C8
Info: 2021.05.05.14:07:38 Info: Loading qsys
Info: 2021.05.05.14:07:39 Info: Reading input file
Info: 2021.05.05.14:07:39 Info: Adding clk_0 [clock_source 16.1]
Info: 2021.05.05.14:07:39 Info: Parameterizing module clk_0
Info: 2021.05.05.14:07:39 Info: Adding jtag_uart_0 [altera_avalon_jtag_uart 16.1]
Info: 2021.05.05.14:07:39 Info: Parameterizing module jtag_uart_0
Info: 2021.05.05.14:07:39 Info: Adding nios2_qsys_0 [altera_nios2_gen2 16.1]
Info: 2021.05.05.14:07:39 Info: Parameterizing module nios2_qsys_0
Info: 2021.05.05.14:07:39 Info: Adding onchip_memory2_0 [altera_avalon_onchip_memory2 16.1]
Info: 2021.05.05.14:07:39 Info: Parameterizing module onchip_memory2_0
Info: 2021.05.05.14:07:39 Info: Building connections
Info: 2021.05.05.14:07:39 Info: Parameterizing connections
Info: 2021.05.05.14:07:39 Info: Validating
Info: 2021.05.05.14:07:40 Info: Done reading input file
Info: 2021.05.05.14:07:41 Info: nios_handshake.jtag_uart_0: JTAG UART IP input clock need to be at least double (2x) the operating frequency of JTAG TCK on board
Info: 2021.05.05.14:07:41 Info: nios_handshake: Generating nios_handshake "nios_handshake" for SIM_VHDL
Info: 2021.05.05.14:07:46 Info: jtag_uart_0: Starting RTL generation for module 'nios_handshake_jtag_uart_0'
Info: 2021.05.05.14:07:46 Info: jtag_uart_0:   Generation command is [exec C:/intelfpga_lite/16.1/quartus/bin64/perl/bin/perl.exe -I C:/intelfpga_lite/16.1/quartus/bin64/perl/lib -I C:/intelfpga_lite/16.1/quartus/sopc_builder/bin/europa -I C:/intelfpga_lite/16.1/quartus/sopc_builder/bin/perl_lib -I C:/intelfpga_lite/16.1/quartus/sopc_builder/bin -I C:/intelfpga_lite/16.1/quartus/../ip/altera/sopc_builder_ip/common -I C:/intelfpga_lite/16.1/quartus/../ip/altera/sopc_builder_ip/altera_avalon_jtag_uart -- C:/intelfpga_lite/16.1/quartus/../ip/altera/sopc_builder_ip/altera_avalon_jtag_uart/generate_rtl.pl --name=nios_handshake_jtag_uart_0 --dir=C:/Users/danie/AppData/Local/Temp/alt8752_9151596931077006742.dir/0001_jtag_uart_0_gen/ --quartus_dir=C:/intelfpga_lite/16.1/quartus --verilog --config=C:/Users/danie/AppData/Local/Temp/alt8752_9151596931077006742.dir/0001_jtag_uart_0_gen//nios_handshake_jtag_uart_0_component_configuration.pl  --do_build_sim=1    --sim_dir=C:/Users/danie/AppData/Local/Temp/alt8752_9151596931077006742.dir/0001_jtag_uart_0_gen
Info: 2021.05.05.14:07:47 Info: jtag_uart_0: Done RTL generation for module 'nios_handshake_jtag_uart_0'
Info: 2021.05.05.14:07:47 Info: jtag_uart_0: "nios_handshake" instantiated altera_avalon_jtag_uart "jtag_uart_0"
Info: 2021.05.05.14:07:48 Info: nios2_qsys_0: "nios_handshake" instantiated altera_nios2_gen2 "nios2_qsys_0"
Info: 2021.05.05.14:07:48 Info: onchip_memory2_0: Starting RTL generation for module 'nios_handshake_onchip_memory2_0'
Info: 2021.05.05.14:07:48 Info: onchip_memory2_0:   Generation command is [exec C:/intelfpga_lite/16.1/quartus/bin64/perl/bin/perl.exe -I C:/intelfpga_lite/16.1/quartus/bin64/perl/lib -I C:/intelfpga_lite/16.1/quartus/sopc_builder/bin/europa -I C:/intelfpga_lite/16.1/quartus/sopc_builder/bin/perl_lib -I C:/intelfpga_lite/16.1/quartus/sopc_builder/bin -I C:/intelfpga_lite/16.1/quartus/../ip/altera/sopc_builder_ip/common -I C:/intelfpga_lite/16.1/quartus/../ip/altera/sopc_builder_ip/altera_avalon_onchip_memory2 -- C:/intelfpga_lite/16.1/quartus/../ip/altera/sopc_builder_ip/altera_avalon_onchip_memory2/generate_rtl.pl --name=nios_handshake_onchip_memory2_0 --dir=C:/Users/danie/AppData/Local/Temp/alt8752_9151596931077006742.dir/0002_onchip_memory2_0_gen/ --quartus_dir=C:/intelfpga_lite/16.1/quartus --verilog --config=C:/Users/danie/AppData/Local/Temp/alt8752_9151596931077006742.dir/0002_onchip_memory2_0_gen//nios_handshake_onchip_memory2_0_component_configuration.pl  --do_build_sim=1    --sim_dir=C:/Users/danie/AppData/Local/Temp/alt8752_9151596931077006742.dir/0002_onchip_memory2_0_gen
Info: 2021.05.05.14:07:48 Info: onchip_memory2_0: Done RTL generation for module 'nios_handshake_onchip_memory2_0'
Info: 2021.05.05.14:07:48 Info: onchip_memory2_0: "nios_handshake" instantiated altera_avalon_onchip_memory2 "onchip_memory2_0"
Info: 2021.05.05.14:07:51 Info: avalon_st_adapter: Inserting error_adapter: error_adapter_0
Info: 2021.05.05.14:07:52 Info: avalon_st_adapter_001: Inserting error_adapter: error_adapter_0
Info: 2021.05.05.14:07:52 Info: avalon_st_adapter_002: Inserting error_adapter: error_adapter_0
Info: 2021.05.05.14:07:54 Info: mm_interconnect_0: "nios_handshake" instantiated altera_mm_interconnect "mm_interconnect_0"
Info: 2021.05.05.14:07:54 Info: irq_mapper: "nios_handshake" instantiated altera_irq_mapper "irq_mapper"
Info: 2021.05.05.14:07:54 Info: rst_controller: "nios_handshake" instantiated altera_reset_controller "rst_controller"
Info: 2021.05.05.14:07:54 Info: cpu: Starting RTL generation for module 'nios_handshake_nios2_qsys_0_cpu'
Info: 2021.05.05.14:07:54 Info: cpu:   Generation command is [exec C:/intelFPGA_lite/16.1/quartus/bin64//eperlcmd.exe -I C:/intelFPGA_lite/16.1/quartus/bin64//perl/lib -I C:/intelfpga_lite/16.1/quartus/sopc_builder/bin/europa -I C:/intelfpga_lite/16.1/quartus/sopc_builder/bin/perl_lib -I C:/intelfpga_lite/16.1/quartus/sopc_builder/bin -I C:/intelfpga_lite/16.1/quartus/../ip/altera/nios2_ip/altera_nios2_gen2/cpu_lib -I C:/intelfpga_lite/16.1/quartus/../ip/altera/nios2_ip/altera_nios2_gen2/nios_lib -I C:/intelfpga_lite/16.1/quartus/../ip/altera/nios2_ip/altera_nios2_gen2 -I C:/intelfpga_lite/16.1/quartus/../ip/altera/nios2_ip/altera_nios2_gen2 -- C:/intelfpga_lite/16.1/quartus/../ip/altera/nios2_ip/altera_nios2_gen2/generate_rtl.epl --name=nios_handshake_nios2_qsys_0_cpu --dir=C:/Users/danie/AppData/Local/Temp/alt8752_9151596931077006742.dir/0005_cpu_gen/ --quartus_bindir=C:/intelFPGA_lite/16.1/quartus/bin64/ --verilog --config=C:/Users/danie/AppData/Local/Temp/alt8752_9151596931077006742.dir/0005_cpu_gen//nios_handshake_nios2_qsys_0_cpu_processor_configuration.pl  --do_build_sim=1    --sim_dir=C:/Users/danie/AppData/Local/Temp/alt8752_9151596931077006742.dir/0005_cpu_gen
Info: 2021.05.05.14:07:58 Info: cpu: # 2021.05.05 14:07:55 (*) Starting Nios II generation
Info: 2021.05.05.14:07:58 Info: cpu: # 2021.05.05 14:07:55 (*)   Checking for plaintext license.
Info: 2021.05.05.14:07:58 Info: cpu: # 2021.05.05 14:07:56 (*)   Couldn't query license setup in Quartus directory C:/intelFPGA_lite/16.1/quartus/bin64
Info: 2021.05.05.14:07:58 Info: cpu: # 2021.05.05 14:07:56 (*)   Defaulting to contents of LM_LICENSE_FILE environment variable
Info: 2021.05.05.14:07:58 Info: cpu: # 2021.05.05 14:07:56 (*)   LM_LICENSE_FILE environment variable is empty
Info: 2021.05.05.14:07:58 Info: cpu: # 2021.05.05 14:07:56 (*)   Plaintext license not found.
Info: 2021.05.05.14:07:58 Info: cpu: # 2021.05.05 14:07:56 (*)   No license required to generate encrypted Nios II
Info: 2021.05.05.14:07:58 Info: cpu: # 2021.05.05 14:07:56 (*)   Elaborating CPU configuration settings
Info: 2021.05.05.14:07:58 Info: cpu: # 2021.05.05 14:07:56 (*)   Creating all objects for CPU
Info: 2021.05.05.14:07:58 Info: cpu: # 2021.05.05 14:07:57 (*)   Creating 'C:/Users/danie/AppData/Local/Temp/alt8752_9151596931077006742.dir/0005_cpu_gen/
Info: 2021.05.05.14:07:58 Info: cpu: # 2021.05.05 14:07:57 (*)   Generating RTL from CPU objects
Info: 2021.05.05.14:07:58 Info: cpu: # 2021.05.05 14:07:57 (*)   Creating plain-text RTL
Info: 2021.05.05.14:07:58 Info: cpu: # 2021.05.05 14:07:58 (*) Done Nios II generation
Info: 2021.05.05.14:07:58 Info: cpu: Done RTL generation for module 'nios_handshake_nios2_qsys_0_cpu'
Info: 2021.05.05.14:07:58 Info: cpu: "nios2_qsys_0" instantiated altera_nios2_gen2_unit "cpu"
Info: 2021.05.05.14:07:58 Info: nios2_qsys_0_data_master_translator: "mm_interconnect_0" instantiated altera_merlin_master_translator "nios2_qsys_0_data_master_translator"
Info: 2021.05.05.14:07:58 Info: jtag_uart_0_avalon_jtag_slave_translator: "mm_interconnect_0" instantiated altera_merlin_slave_translator "jtag_uart_0_avalon_jtag_slave_translator"
Info: 2021.05.05.14:07:58 Info: nios2_qsys_0_data_master_agent: "mm_interconnect_0" instantiated altera_merlin_master_agent "nios2_qsys_0_data_master_agent"
Info: 2021.05.05.14:07:58 Info: jtag_uart_0_avalon_jtag_slave_agent: "mm_interconnect_0" instantiated altera_merlin_slave_agent "jtag_uart_0_avalon_jtag_slave_agent"
Info: 2021.05.05.14:07:58 Info: jtag_uart_0_avalon_jtag_slave_agent_rsp_fifo: "mm_interconnect_0" instantiated altera_avalon_sc_fifo "jtag_uart_0_avalon_jtag_slave_agent_rsp_fifo"
Info: 2021.05.05.14:07:58 Info: router: "mm_interconnect_0" instantiated altera_merlin_router "router"
Info: 2021.05.05.14:07:58 Info: router_001: "mm_interconnect_0" instantiated altera_merlin_router "router_001"
Info: 2021.05.05.14:07:58 Info: router_002: "mm_interconnect_0" instantiated altera_merlin_router "router_002"
Info: 2021.05.05.14:07:58 Info: router_003: "mm_interconnect_0" instantiated altera_merlin_router "router_003"
Info: 2021.05.05.14:07:58 Info: cmd_demux: "mm_interconnect_0" instantiated altera_merlin_demultiplexer "cmd_demux"
Info: 2021.05.05.14:07:58 Info: cmd_demux_001: "mm_interconnect_0" instantiated altera_merlin_demultiplexer "cmd_demux_001"
Info: 2021.05.05.14:07:58 Info: cmd_mux: "mm_interconnect_0" instantiated altera_merlin_multiplexer "cmd_mux"
Info: 2021.05.05.14:07:58 Info: cmd_mux_001: "mm_interconnect_0" instantiated altera_merlin_multiplexer "cmd_mux_001"
Info: 2021.05.05.14:07:58 Info: Reusing file C:/Users/danie/Documents/GitHub/multiplication_nios2_accelerator/synthesis/qsys/nios_handshake/simulation/submodules
Info: 2021.05.05.14:07:58 Info: rsp_demux: "mm_interconnect_0" instantiated altera_merlin_demultiplexer "rsp_demux"
Info: 2021.05.05.14:07:58 Info: rsp_mux: "mm_interconnect_0" instantiated altera_merlin_multiplexer "rsp_mux"
Info: 2021.05.05.14:07:58 Info: Reusing file C:/Users/danie/Documents/GitHub/multiplication_nios2_accelerator/synthesis/qsys/nios_handshake/simulation/submodules
Info: 2021.05.05.14:07:58 Info: rsp_mux_001: "mm_interconnect_0" instantiated altera_merlin_multiplexer "rsp_mux_001"
Info: 2021.05.05.14:07:58 Info: Reusing file C:/Users/danie/Documents/GitHub/multiplication_nios2_accelerator/synthesis/qsys/nios_handshake/simulation/submodules
Info: 2021.05.05.14:07:59 Info: avalon_st_adapter: "mm_interconnect_0" instantiated altera_avalon_st_adapter "avalon_st_adapter"
Info: 2021.05.05.14:07:59 Info: error_adapter_0: "avalon_st_adapter" instantiated error_adapter "error_adapter_0"
Info: 2021.05.05.14:07:59 Info: nios_handshake: Done "nios_handshake" with 26 modules, 48 files
Info: 2021.05.05.14:07:59 Info: qsys-generate succeeded.
Info: 2021.05.05.14:07:59 Info: Finished: Create simulation model
Info: 2021.05.05.14:07:59 Info: Starting: Create Modelsim Project.
Info: 2021.05.05.14:07:59 Info: sim-script-gen --spd=C:\Users\danie\Documents\GitHub\multiplication_nios2_accelerator\synthesis\qsys\nios_handshake\nios_handshake.spd --output-directory=C:/Users/danie/Documents/GitHub/multiplication_nios2_accelerator/synthesis/qsys/nios_handshake/simulation
Info: 2021.05.05.14:07:59 Info: Doing: ip-make-simscript --spd=C:\Users\danie\Documents\GitHub\multiplication_nios2_accelerator\synthesis\qsys\nios_handshake\nios_handshake.spd --output-directory=C:/Users/danie/Documents/GitHub/multiplication_nios2_accelerator/synthesis/qsys/nios_handshake/simulation
Info: 2021.05.05.14:08:00 Info: Generating the following file(s) for MODELSIM simulator in C:/Users/danie/Documents/GitHub/multiplication_nios2_accelerator/synthesis/qsys/nios_handshake/simulation
Info: 2021.05.05.14:08:00 Info:     mentor
Info: 2021.05.05.14:08:00 Info: Skipping VCS script generation since VHDL file $QUARTUS_INSTALL_DIR/eda/sim_lib
Info: 2021.05.05.14:08:00 Info: Generating the following file(s) for VCSMX simulator in C:/Users/danie/Documents/GitHub/multiplication_nios2_accelerator/synthesis/qsys/nios_handshake/simulation
Info: 2021.05.05.14:08:00 Info:     synopsys/vcsmx
Info: 2021.05.05.14:08:00 Info:     synopsys/vcsmx
Info: 2021.05.05.14:08:00 Info: Generating the following file(s) for NCSIM simulator in C:/Users/danie/Documents/GitHub/multiplication_nios2_accelerator/synthesis/qsys/nios_handshake/simulation
Info: 2021.05.05.14:08:00 Info:     cadence
Info: 2021.05.05.14:08:00 Info:     cadence
Info: 2021.05.05.14:08:00 Info:     cadence
Info: 2021.05.05.14:08:00 Info:     25 .cds.lib files in cadence/cds_libs
Info: 2021.05.05.14:08:00 Info: Generating the following file(s) for RIVIERA simulator in C:/Users/danie/Documents/GitHub/multiplication_nios2_accelerator/synthesis/qsys/nios_handshake/simulation
Info: 2021.05.05.14:08:00 Info:     aldec
Info: 2021.05.05.14:08:00 Info: For information on how to simulate your IP, see the explanatory comments in the simulator-specific subdirectories under C:/Users/danie/Documents/GitHub/multiplication_nios2_accelerator/synthesis/qsys/nios_handshake/simulation
Info: 2021.05.05.14:08:00 Info: Regenerate these scripts whenever you make any change to any Quartus-generated IP in your project.
Info: 2021.05.05.14:08:00 Info: Finished: Create Modelsim Project.
Info: 2021.05.05.14:08:00 Info: Starting: Create block symbol file (.bsf)
Info: 2021.05.05.14:08:00 Info: qsys-generate C:\Users\danie\Documents\GitHub\multiplication_nios2_accelerator\synthesis\qsys\nios_handshake.qsys --block-symbol-file --output-directory=C:\Users\danie\Documents\GitHub\multiplication_nios2_accelerator\synthesis\qsys\nios_handshake --family="Cyclone IV E" --part=EP4CE6E22C8
Info: 2021.05.05.14:08:00 Info: Loading qsys
Info: 2021.05.05.14:08:00 Info: Reading input file
Info: 2021.05.05.14:08:00 Info: Adding clk_0 [clock_source 16.1]
Info: 2021.05.05.14:08:00 Info: Parameterizing module clk_0
Info: 2021.05.05.14:08:00 Info: Adding jtag_uart_0 [altera_avalon_jtag_uart 16.1]
Info: 2021.05.05.14:08:00 Info: Parameterizing module jtag_uart_0
Info: 2021.05.05.14:08:00 Info: Adding nios2_qsys_0 [altera_nios2_gen2 16.1]
Info: 2021.05.05.14:08:00 Info: Parameterizing module nios2_qsys_0
Info: 2021.05.05.14:08:00 Info: Adding onchip_memory2_0 [altera_avalon_onchip_memory2 16.1]
Info: 2021.05.05.14:08:00 Info: Parameterizing module onchip_memory2_0
Info: 2021.05.05.14:08:00 Info: Building connections
Info: 2021.05.05.14:08:00 Info: Parameterizing connections
Info: 2021.05.05.14:08:00 Info: Validating
Info: 2021.05.05.14:08:01 Info: Done reading input file
Info: 2021.05.05.14:08:02 Info: nios_handshake.jtag_uart_0: JTAG UART IP input clock need to be at least double (2x) the operating frequency of JTAG TCK on board
Info: 2021.05.05.14:08:03 Info: qsys-generate succeeded.
Info: 2021.05.05.14:08:03 Info: Finished: Create block symbol file (.bsf)
Info: 2021.05.05.14:08:03 Info:
Info: 2021.05.05.14:08:03 Info: Starting: Create HDL design files for synthesis
Info: 2021.05.05.14:08:03 Info: qsys-generate C:\Users\danie\Documents\GitHub\multiplication_nios2_accelerator\synthesis\qsys\nios_handshake.qsys --synthesis=VHDL --output-directory=C:\Users\danie\Documents\GitHub\multiplication_nios2_accelerator\synthesis\qsys\nios_handshake\synthesis --family="Cyclone IV E" --part=EP4CE6E22C8
Info: 2021.05.05.14:08:03 Info: Loading qsys
Info: 2021.05.05.14:08:03 Info: Reading input file
Info: 2021.05.05.14:08:03 Info: Adding clk_0 [clock_source 16.1]
Info: 2021.05.05.14:08:03 Info: Parameterizing module clk_0
Info: 2021.05.05.14:08:03 Info: Adding jtag_uart_0 [altera_avalon_jtag_uart 16.1]
Info: 2021.05.05.14:08:03 Info: Parameterizing module jtag_uart_0
Info: 2021.05.05.14:08:03 Info: Adding nios2_qsys_0 [altera_nios2_gen2 16.1]
Info: 2021.05.05.14:08:03 Info: Parameterizing module nios2_qsys_0
Info: 2021.05.05.14:08:03 Info: Adding onchip_memory2_0 [altera_avalon_onchip_memory2 16.1]
Info: 2021.05.05.14:08:03 Info: Parameterizing module onchip_memory2_0
Info: 2021.05.05.14:08:03 Info: Building connections
Info: 2021.05.05.14:08:03 Info: Parameterizing connections
Info: 2021.05.05.14:08:03 Info: Validating
Info: 2021.05.05.14:08:04 Info: Done reading input file
Info: 2021.05.05.14:08:05 Info: nios_handshake.jtag_uart_0: JTAG UART IP input clock need to be at least double (2x) the operating frequency of JTAG TCK on board
Info: 2021.05.05.14:08:05 Info: nios_handshake: Generating nios_handshake "nios_handshake" for QUARTUS_SYNTH
Info: 2021.05.05.14:08:09 Info: jtag_uart_0: Starting RTL generation for module 'nios_handshake_jtag_uart_0'
Info: 2021.05.05.14:08:09 Info: jtag_uart_0:   Generation command is [exec C:/intelfpga_lite/16.1/quartus/bin64/perl/bin/perl.exe -I C:/intelfpga_lite/16.1/quartus/bin64/perl/lib -I C:/intelfpga_lite/16.1/quartus/sopc_builder/bin/europa -I C:/intelfpga_lite/16.1/quartus/sopc_builder/bin/perl_lib -I C:/intelfpga_lite/16.1/quartus/sopc_builder/bin -I C:/intelfpga_lite/16.1/quartus/../ip/altera/sopc_builder_ip/common -I C:/intelfpga_lite/16.1/quartus/../ip/altera/sopc_builder_ip/altera_avalon_jtag_uart -- C:/intelfpga_lite/16.1/quartus/../ip/altera/sopc_builder_ip/altera_avalon_jtag_uart/generate_rtl.pl --name=nios_handshake_jtag_uart_0 --dir=C:/Users/danie/AppData/Local/Temp/alt8752_9151596931077006742.dir/0024_jtag_uart_0_gen/ --quartus_dir=C:/intelfpga_lite/16.1/quartus --verilog --config=C:/Users/danie/AppData/Local/Temp/alt8752_9151596931077006742.dir/0024_jtag_uart_0_gen/
Info: 2021.05.05.14:08:09 Info: jtag_uart_0: Done RTL generation for module 'nios_handshake_jtag_uart_0'
Info: 2021.05.05.14:08:09 Info: jtag_uart_0: "nios_handshake" instantiated altera_avalon_jtag_uart "jtag_uart_0"
Info: 2021.05.05.14:08:10 Info: nios2_qsys_0: "nios_handshake" instantiated altera_nios2_gen2 "nios2_qsys_0"
Info: 2021.05.05.14:08:10 Info: onchip_memory2_0: Starting RTL generation for module 'nios_handshake_onchip_memory2_0'
Info: 2021.05.05.14:08:10 Info: onchip_memory2_0:   Generation command is [exec C:/intelfpga_lite/16.1/quartus/bin64/perl/bin/perl.exe -I C:/intelfpga_lite/16.1/quartus/bin64/perl/lib -I C:/intelfpga_lite/16.1/quartus/sopc_builder/bin/europa -I C:/intelfpga_lite/16.1/quartus/sopc_builder/bin/perl_lib -I C:/intelfpga_lite/16.1/quartus/sopc_builder/bin -I C:/intelfpga_lite/16.1/quartus/../ip/altera/sopc_builder_ip/common -I C:/intelfpga_lite/16.1/quartus/../ip/altera/sopc_builder_ip/altera_avalon_onchip_memory2 -- C:/intelfpga_lite/16.1/quartus/../ip/altera/sopc_builder_ip/altera_avalon_onchip_memory2/generate_rtl.pl --name=nios_handshake_onchip_memory2_0 --dir=C:/Users/danie/AppData/Local/Temp/alt8752_9151596931077006742.dir/0025_onchip_memory2_0_gen/ --quartus_dir=C:/intelfpga_lite/16.1/quartus --verilog --config=C:/Users/danie/AppData/Local/Temp/alt8752_9151596931077006742.dir/0025_onchip_memory2_0_gen/
Info: 2021.05.05.14:08:11 Info: onchip_memory2_0: Done RTL generation for module 'nios_handshake_onchip_memory2_0'
Info: 2021.05.05.14:08:11 Info: onchip_memory2_0: "nios_handshake" instantiated altera_avalon_onchip_memory2 "onchip_memory2_0"
Info: 2021.05.05.14:08:13 Info: avalon_st_adapter: Inserting error_adapter: error_adapter_0
Info: 2021.05.05.14:08:14 Info: avalon_st_adapter_001: Inserting error_adapter: error_adapter_0
Info: 2021.05.05.14:08:14 Info: avalon_st_adapter_002: Inserting error_adapter: error_adapter_0
Info: 2021.05.05.14:08:16 Info: mm_interconnect_0: "nios_handshake" instantiated altera_mm_interconnect "mm_interconnect_0"
Info: 2021.05.05.14:08:16 Info: irq_mapper: "nios_handshake" instantiated altera_irq_mapper "irq_mapper"
Info: 2021.05.05.14:08:16 Info: rst_controller: "nios_handshake" instantiated altera_reset_controller "rst_controller"
Info: 2021.05.05.14:08:16 Info: cpu: Starting RTL generation for module 'nios_handshake_nios2_qsys_0_cpu'
Info: 2021.05.05.14:08:16 Info: cpu:   Generation command is [exec C:/intelFPGA_lite/16.1/quartus/bin64//eperlcmd.exe -I C:/intelFPGA_lite/16.1/quartus/bin64//perl/lib -I C:/intelfpga_lite/16.1/quartus/sopc_builder/bin/europa -I C:/intelfpga_lite/16.1/quartus/sopc_builder/bin/perl_lib -I C:/intelfpga_lite/16.1/quartus/sopc_builder/bin -I C:/intelfpga_lite/16.1/quartus/../ip/altera/nios2_ip/altera_nios2_gen2/cpu_lib -I C:/intelfpga_lite/16.1/quartus/../ip/altera/nios2_ip/altera_nios2_gen2/nios_lib -I C:/intelfpga_lite/16.1/quartus/../ip/altera/nios2_ip/altera_nios2_gen2 -I C:/intelfpga_lite/16.1/quartus/../ip/altera/nios2_ip/altera_nios2_gen2 -- C:/intelfpga_lite/16.1/quartus/../ip/altera/nios2_ip/altera_nios2_gen2/generate_rtl.epl --name=nios_handshake_nios2_qsys_0_cpu --dir=C:/Users/danie/AppData/Local/Temp/alt8752_9151596931077006742.dir/0028_cpu_gen/ --quartus_bindir=C:/intelFPGA_lite/16.1/quartus/bin64/ --verilog --config=C:/Users/danie/AppData/Local/Temp/alt8752_9151596931077006742.dir/0028_cpu_gen/
Info: 2021.05.05.14:08:19 Info: cpu: # 2021.05.05 14:08:17 (*) Starting Nios II generation
Info: 2021.05.05.14:08:19 Info: cpu: # 2021.05.05 14:08:17 (*)   Checking for plaintext license.
Info: 2021.05.05.14:08:19 Info: cpu: # 2021.05.05 14:08:17 (*)   Couldn't query license setup in Quartus directory C:/intelFPGA_lite/16.1/quartus/bin64
Info: 2021.05.05.14:08:19 Info: cpu: # 2021.05.05 14:08:17 (*)   Defaulting to contents of LM_LICENSE_FILE environment variable
Info: 2021.05.05.14:08:19 Info: cpu: # 2021.05.05 14:08:17 (*)   LM_LICENSE_FILE environment variable is empty
Info: 2021.05.05.14:08:19 Info: cpu: # 2021.05.05 14:08:17 (*)   Plaintext license not found.
Info: 2021.05.05.14:08:19 Info: cpu: # 2021.05.05 14:08:17 (*)   No license required to generate encrypted Nios II
Info: 2021.05.05.14:08:19 Info: cpu: # 2021.05.05 14:08:17 (*)   Elaborating CPU configuration settings
Info: 2021.05.05.14:08:19 Info: cpu: # 2021.05.05 14:08:17 (*)   Creating all objects for CPU
Info: 2021.05.05.14:08:19 Info: cpu: # 2021.05.05 14:08:18 (*)   Generating RTL from CPU objects
Info: 2021.05.05.14:08:19 Info: cpu: # 2021.05.05 14:08:18 (*)   Creating plain-text RTL
Info: 2021.05.05.14:08:19 Info: cpu: # 2021.05.05 14:08:19 (*) Done Nios II generation
Info: 2021.05.05.14:08:19 Info: cpu: Done RTL generation for module 'nios_handshake_nios2_qsys_0_cpu'
Info: 2021.05.05.14:08:19 Info: cpu: "nios2_qsys_0" instantiated altera_nios2_gen2_unit "cpu"
Info: 2021.05.05.14:08:19 Info: nios2_qsys_0_data_master_translator: "mm_interconnect_0" instantiated altera_merlin_master_translator "nios2_qsys_0_data_master_translator"
Info: 2021.05.05.14:08:19 Info: jtag_uart_0_avalon_jtag_slave_translator: "mm_interconnect_0" instantiated altera_merlin_slave_translator "jtag_uart_0_avalon_jtag_slave_translator"
Info: 2021.05.05.14:08:19 Info: nios2_qsys_0_data_master_agent: "mm_interconnect_0" instantiated altera_merlin_master_agent "nios2_qsys_0_data_master_agent"
Info: 2021.05.05.14:08:19 Info: jtag_uart_0_avalon_jtag_slave_agent: "mm_interconnect_0" instantiated altera_merlin_slave_agent "jtag_uart_0_avalon_jtag_slave_agent"
Info: 2021.05.05.14:08:19 Info: jtag_uart_0_avalon_jtag_slave_agent_rsp_fifo: "mm_interconnect_0" instantiated altera_avalon_sc_fifo "jtag_uart_0_avalon_jtag_slave_agent_rsp_fifo"
Info: 2021.05.05.14:08:19 Info: router: "mm_interconnect_0" instantiated altera_merlin_router "router"
Info: 2021.05.05.14:08:19 Info: router_001: "mm_interconnect_0" instantiated altera_merlin_router "router_001"
Info: 2021.05.05.14:08:19 Info: router_002: "mm_interconnect_0" instantiated altera_merlin_router "router_002"
Info: 2021.05.05.14:08:19 Info: router_003: "mm_interconnect_0" instantiated altera_merlin_router "router_003"
Info: 2021.05.05.14:08:19 Info: cmd_demux: "mm_interconnect_0" instantiated altera_merlin_demultiplexer "cmd_demux"
Info: 2021.05.05.14:08:19 Info: cmd_demux_001: "mm_interconnect_0" instantiated altera_merlin_demultiplexer "cmd_demux_001"
Info: 2021.05.05.14:08:19 Info: cmd_mux: "mm_interconnect_0" instantiated altera_merlin_multiplexer "cmd_mux"
Info: 2021.05.05.14:08:19 Info: cmd_mux_001: "mm_interconnect_0" instantiated altera_merlin_multiplexer "cmd_mux_001"
Info: 2021.05.05.14:08:19 Info: Reusing file C:/Users/danie/Documents/GitHub/multiplication_nios2_accelerator/synthesis/qsys/nios_handshake/synthesis/submodules
Info: 2021.05.05.14:08:19 Info: rsp_demux: "mm_interconnect_0" instantiated altera_merlin_demultiplexer "rsp_demux"
Info: 2021.05.05.14:08:19 Info: rsp_mux: "mm_interconnect_0" instantiated altera_merlin_multiplexer "rsp_mux"
Info: 2021.05.05.14:08:19 Info: Reusing file C:/Users/danie/Documents/GitHub/multiplication_nios2_accelerator/synthesis/qsys/nios_handshake/synthesis/submodules
Info: 2021.05.05.14:08:19 Info: rsp_mux_001: "mm_interconnect_0" instantiated altera_merlin_multiplexer "rsp_mux_001"
Info: 2021.05.05.14:08:19 Info: Reusing file C:/Users/danie/Documents/GitHub/multiplication_nios2_accelerator/synthesis/qsys/nios_handshake/synthesis/submodules
Info: 2021.05.05.14:08:20 Info: avalon_st_adapter: "mm_interconnect_0" instantiated altera_avalon_st_adapter "avalon_st_adapter"
Info: 2021.05.05.14:08:20 Info: error_adapter_0: "avalon_st_adapter" instantiated error_adapter "error_adapter_0"
Info: 2021.05.05.14:08:20 Info: nios_handshake: Done "nios_handshake" with 26 modules, 41 files
Info: 2021.05.05.14:08:22 Info: qsys-generate succeeded.
Info: 2021.05.05.14:08:22 Info: Finished: Create HDL design files for synthesis
Info (11131): Completed upgrading IP component Qsys with file "../qsys/nios_handshake.qsys"
Info (23030): Evaluation of Tcl script c:/intelfpga_lite/16.1/quartus/common/tcl/internal/ip_regen/ip_regen.tcl was successful
Info: Quartus Prime Shell was successful. 0 errors, 0 warnings
    Info: Peak virtual memory: 4853 megabytes
    Info: Processing ended: Wed May 05 14:08:24 2021
    Info: Elapsed time: 00:01:12
    Info: Total CPU time (on all processors): 00:01:47


